<?xml version="1.0" encoding="UTF-8"?>
<testsuite xmlns:xsi="http://www.w3.org/2001/XMLSchema-instance" xsi:noNamespaceSchemaLocation="https://maven.apache.org/surefire/maven-surefire-plugin/xsd/surefire-test-report-3.0.xsd" version="3.0" name="consumer.AppTest" time="0.038" tests="1" errors="0" skipped="0" failures="0">
  <properties>
    <property name="java.specification.version" value="17"/>
    <property name="sun.jnu.encoding" value="UTF-8"/>
    <property name="java.class.path" value="/home/dbarun/IUDX_ASSIGNMENT/IngestorJob/target/test-classes:/home/dbarun/IUDX_ASSIGNMENT/IngestorJob/target/classes:/home/dbarun/.m2/repository/junit/junit/3.8.1/junit-3.8.1.jar:/home/dbarun/.m2/repository/org/apache/flink/flink-streaming-java/1.19.0/flink-streaming-java-1.19.0.jar:/home/dbarun/.m2/repository/org/apache/flink/flink-core/1.19.0/flink-core-1.19.0.jar:/home/dbarun/.m2/repository/org/apache/flink/flink-annotations/1.19.0/flink-annotations-1.19.0.jar:/home/dbarun/.m2/repository/org/apache/flink/flink-metrics-core/1.19.0/flink-metrics-core-1.19.0.jar:/home/dbarun/.m2/repository/org/apache/flink/flink-shaded-asm-9/9.5-17.0/flink-shaded-asm-9-9.5-17.0.jar:/home/dbarun/.m2/repository/org/apache/flink/flink-shaded-jackson/2.14.2-17.0/flink-shaded-jackson-2.14.2-17.0.jar:/home/dbarun/.m2/repository/org/apache/commons/commons-lang3/3.12.0/commons-lang3-3.12.0.jar:/home/dbarun/.m2/repository/org/snakeyaml/snakeyaml-engine/2.6/snakeyaml-engine-2.6.jar:/home/dbarun/.m2/repository/org/apache/commons/commons-text/1.10.0/commons-text-1.10.0.jar:/home/dbarun/.m2/repository/com/esotericsoftware/kryo/kryo/2.24.0/kryo-2.24.0.jar:/home/dbarun/.m2/repository/com/esotericsoftware/minlog/minlog/1.2/minlog-1.2.jar:/home/dbarun/.m2/repository/org/objenesis/objenesis/2.1/objenesis-2.1.jar:/home/dbarun/.m2/repository/commons-collections/commons-collections/3.2.2/commons-collections-3.2.2.jar:/home/dbarun/.m2/repository/org/apache/commons/commons-compress/1.24.0/commons-compress-1.24.0.jar:/home/dbarun/.m2/repository/org/apache/flink/flink-file-sink-common/1.19.0/flink-file-sink-common-1.19.0.jar:/home/dbarun/.m2/repository/org/apache/flink/flink-runtime/1.19.0/flink-runtime-1.19.0.jar:/home/dbarun/.m2/repository/org/apache/flink/flink-rpc-core/1.19.0/flink-rpc-core-1.19.0.jar:/home/dbarun/.m2/repository/org/apache/flink/flink-rpc-akka-loader/1.19.0/flink-rpc-akka-loader-1.19.0.jar:/home/dbarun/.m2/repository/org/apache/flink/flink-queryable-state-client-java/1.19.0/flink-queryable-state-client-java-1.19.0.jar:/home/dbarun/.m2/repository/org/apache/flink/flink-hadoop-fs/1.19.0/flink-hadoop-fs-1.19.0.jar:/home/dbarun/.m2/repository/commons-io/commons-io/2.11.0/commons-io-2.11.0.jar:/home/dbarun/.m2/repository/org/apache/flink/flink-shaded-netty/4.1.91.Final-17.0/flink-shaded-netty-4.1.91.Final-17.0.jar:/home/dbarun/.m2/repository/org/apache/flink/flink-shaded-zookeeper-3/3.7.1-17.0/flink-shaded-zookeeper-3-3.7.1-17.0.jar:/home/dbarun/.m2/repository/commons-cli/commons-cli/1.5.0/commons-cli-1.5.0.jar:/home/dbarun/.m2/repository/org/javassist/javassist/3.24.0-GA/javassist-3.24.0-GA.jar:/home/dbarun/.m2/repository/org/xerial/snappy/snappy-java/1.1.10.4/snappy-java-1.1.10.4.jar:/home/dbarun/.m2/repository/tools/profiler/async-profiler/2.9/async-profiler-2.9.jar:/home/dbarun/.m2/repository/org/lz4/lz4-java/1.8.0/lz4-java-1.8.0.jar:/home/dbarun/.m2/repository/org/apache/flink/flink-java/1.19.0/flink-java-1.19.0.jar:/home/dbarun/.m2/repository/com/twitter/chill-java/0.7.6/chill-java-0.7.6.jar:/home/dbarun/.m2/repository/org/apache/flink/flink-shaded-guava/31.1-jre-17.0/flink-shaded-guava-31.1-jre-17.0.jar:/home/dbarun/.m2/repository/org/apache/commons/commons-math3/3.6.1/commons-math3-3.6.1.jar:/home/dbarun/.m2/repository/org/apache/flink/flink-connector-datagen/1.19.0/flink-connector-datagen-1.19.0.jar:/home/dbarun/.m2/repository/org/slf4j/slf4j-api/1.7.36/slf4j-api-1.7.36.jar:/home/dbarun/.m2/repository/com/google/code/findbugs/jsr305/1.3.9/jsr305-1.3.9.jar:/home/dbarun/.m2/repository/org/apache/flink/flink-connector-kafka/3.1.0-1.18/flink-connector-kafka-3.1.0-1.18.jar:/home/dbarun/.m2/repository/org/apache/kafka/kafka-clients/3.4.0/kafka-clients-3.4.0.jar:/home/dbarun/.m2/repository/com/github/luben/zstd-jni/1.5.2-1/zstd-jni-1.5.2-1.jar:/home/dbarun/.m2/repository/com/google/guava/guava/32.1.2-jre/guava-32.1.2-jre.jar:/home/dbarun/.m2/repository/com/google/guava/failureaccess/1.0.1/failureaccess-1.0.1.jar:/home/dbarun/.m2/repository/com/google/guava/listenablefuture/9999.0-empty-to-avoid-conflict-with-guava/listenablefuture-9999.0-empty-to-avoid-conflict-with-guava.jar:/home/dbarun/.m2/repository/com/google/errorprone/error_prone_annotations/2.18.0/error_prone_annotations-2.18.0.jar:/home/dbarun/.m2/repository/com/google/j2objc/j2objc-annotations/2.8/j2objc-annotations-2.8.jar:/home/dbarun/.m2/repository/com/fasterxml/jackson/core/jackson-core/2.15.2/jackson-core-2.15.2.jar:/home/dbarun/.m2/repository/com/fasterxml/jackson/core/jackson-databind/2.15.2/jackson-databind-2.15.2.jar:/home/dbarun/.m2/repository/com/fasterxml/jackson/core/jackson-annotations/2.15.2/jackson-annotations-2.15.2.jar:/home/dbarun/.m2/repository/com/fasterxml/jackson/datatype/jackson-datatype-jsr310/2.15.2/jackson-datatype-jsr310-2.15.2.jar:/home/dbarun/.m2/repository/com/fasterxml/jackson/datatype/jackson-datatype-jdk8/2.15.2/jackson-datatype-jdk8-2.15.2.jar:/home/dbarun/.m2/repository/org/apache/flink/flink-json/1.19.0/flink-json-1.19.0.jar:/home/dbarun/.m2/repository/org/postgresql/postgresql/42.7.3/postgresql-42.7.3.jar:/home/dbarun/.m2/repository/org/checkerframework/checker-qual/3.42.0/checker-qual-3.42.0.jar:"/>
    <property name="java.vm.vendor" value="Eclipse Adoptium"/>
    <property name="sun.arch.data.model" value="64"/>
    <property name="java.vendor.url" value="https://adoptium.net/"/>
    <property name="os.name" value="Linux"/>
    <property name="java.vm.specification.version" value="17"/>
    <property name="sun.java.launcher" value="SUN_STANDARD"/>
    <property name="sun.boot.library.path" value="/usr/lib/jdk/lib"/>
    <property name="sun.java.command" value="/home/dbarun/IUDX_ASSIGNMENT/IngestorJob/target/surefire/surefirebooter-20240604194711590_3.jar /home/dbarun/IUDX_ASSIGNMENT/IngestorJob/target/surefire 2024-06-04T19-47-11_436-jvmRun1 surefire-20240604194711590_1tmp surefire_0-20240604194711590_2tmp"/>
    <property name="jdk.debug" value="release"/>
    <property name="surefire.test.class.path" value="/home/dbarun/IUDX_ASSIGNMENT/IngestorJob/target/test-classes:/home/dbarun/IUDX_ASSIGNMENT/IngestorJob/target/classes:/home/dbarun/.m2/repository/junit/junit/3.8.1/junit-3.8.1.jar:/home/dbarun/.m2/repository/org/apache/flink/flink-streaming-java/1.19.0/flink-streaming-java-1.19.0.jar:/home/dbarun/.m2/repository/org/apache/flink/flink-core/1.19.0/flink-core-1.19.0.jar:/home/dbarun/.m2/repository/org/apache/flink/flink-annotations/1.19.0/flink-annotations-1.19.0.jar:/home/dbarun/.m2/repository/org/apache/flink/flink-metrics-core/1.19.0/flink-metrics-core-1.19.0.jar:/home/dbarun/.m2/repository/org/apache/flink/flink-shaded-asm-9/9.5-17.0/flink-shaded-asm-9-9.5-17.0.jar:/home/dbarun/.m2/repository/org/apache/flink/flink-shaded-jackson/2.14.2-17.0/flink-shaded-jackson-2.14.2-17.0.jar:/home/dbarun/.m2/repository/org/apache/commons/commons-lang3/3.12.0/commons-lang3-3.12.0.jar:/home/dbarun/.m2/repository/org/snakeyaml/snakeyaml-engine/2.6/snakeyaml-engine-2.6.jar:/home/dbarun/.m2/repository/org/apache/commons/commons-text/1.10.0/commons-text-1.10.0.jar:/home/dbarun/.m2/repository/com/esotericsoftware/kryo/kryo/2.24.0/kryo-2.24.0.jar:/home/dbarun/.m2/repository/com/esotericsoftware/minlog/minlog/1.2/minlog-1.2.jar:/home/dbarun/.m2/repository/org/objenesis/objenesis/2.1/objenesis-2.1.jar:/home/dbarun/.m2/repository/commons-collections/commons-collections/3.2.2/commons-collections-3.2.2.jar:/home/dbarun/.m2/repository/org/apache/commons/commons-compress/1.24.0/commons-compress-1.24.0.jar:/home/dbarun/.m2/repository/org/apache/flink/flink-file-sink-common/1.19.0/flink-file-sink-common-1.19.0.jar:/home/dbarun/.m2/repository/org/apache/flink/flink-runtime/1.19.0/flink-runtime-1.19.0.jar:/home/dbarun/.m2/repository/org/apache/flink/flink-rpc-core/1.19.0/flink-rpc-core-1.19.0.jar:/home/dbarun/.m2/repository/org/apache/flink/flink-rpc-akka-loader/1.19.0/flink-rpc-akka-loader-1.19.0.jar:/home/dbarun/.m2/repository/org/apache/flink/flink-queryable-state-client-java/1.19.0/flink-queryable-state-client-java-1.19.0.jar:/home/dbarun/.m2/repository/org/apache/flink/flink-hadoop-fs/1.19.0/flink-hadoop-fs-1.19.0.jar:/home/dbarun/.m2/repository/commons-io/commons-io/2.11.0/commons-io-2.11.0.jar:/home/dbarun/.m2/repository/org/apache/flink/flink-shaded-netty/4.1.91.Final-17.0/flink-shaded-netty-4.1.91.Final-17.0.jar:/home/dbarun/.m2/repository/org/apache/flink/flink-shaded-zookeeper-3/3.7.1-17.0/flink-shaded-zookeeper-3-3.7.1-17.0.jar:/home/dbarun/.m2/repository/commons-cli/commons-cli/1.5.0/commons-cli-1.5.0.jar:/home/dbarun/.m2/repository/org/javassist/javassist/3.24.0-GA/javassist-3.24.0-GA.jar:/home/dbarun/.m2/repository/org/xerial/snappy/snappy-java/1.1.10.4/snappy-java-1.1.10.4.jar:/home/dbarun/.m2/repository/tools/profiler/async-profiler/2.9/async-profiler-2.9.jar:/home/dbarun/.m2/repository/org/lz4/lz4-java/1.8.0/lz4-java-1.8.0.jar:/home/dbarun/.m2/repository/org/apache/flink/flink-java/1.19.0/flink-java-1.19.0.jar:/home/dbarun/.m2/repository/com/twitter/chill-java/0.7.6/chill-java-0.7.6.jar:/home/dbarun/.m2/repository/org/apache/flink/flink-shaded-guava/31.1-jre-17.0/flink-shaded-guava-31.1-jre-17.0.jar:/home/dbarun/.m2/repository/org/apache/commons/commons-math3/3.6.1/commons-math3-3.6.1.jar:/home/dbarun/.m2/repository/org/apache/flink/flink-connector-datagen/1.19.0/flink-connector-datagen-1.19.0.jar:/home/dbarun/.m2/repository/org/slf4j/slf4j-api/1.7.36/slf4j-api-1.7.36.jar:/home/dbarun/.m2/repository/com/google/code/findbugs/jsr305/1.3.9/jsr305-1.3.9.jar:/home/dbarun/.m2/repository/org/apache/flink/flink-connector-kafka/3.1.0-1.18/flink-connector-kafka-3.1.0-1.18.jar:/home/dbarun/.m2/repository/org/apache/kafka/kafka-clients/3.4.0/kafka-clients-3.4.0.jar:/home/dbarun/.m2/repository/com/github/luben/zstd-jni/1.5.2-1/zstd-jni-1.5.2-1.jar:/home/dbarun/.m2/repository/com/google/guava/guava/32.1.2-jre/guava-32.1.2-jre.jar:/home/dbarun/.m2/repository/com/google/guava/failureaccess/1.0.1/failureaccess-1.0.1.jar:/home/dbarun/.m2/repository/com/google/guava/listenablefuture/9999.0-empty-to-avoid-conflict-with-guava/listenablefuture-9999.0-empty-to-avoid-conflict-with-guava.jar:/home/dbarun/.m2/repository/com/google/errorprone/error_prone_annotations/2.18.0/error_prone_annotations-2.18.0.jar:/home/dbarun/.m2/repository/com/google/j2objc/j2objc-annotations/2.8/j2objc-annotations-2.8.jar:/home/dbarun/.m2/repository/com/fasterxml/jackson/core/jackson-core/2.15.2/jackson-core-2.15.2.jar:/home/dbarun/.m2/repository/com/fasterxml/jackson/core/jackson-databind/2.15.2/jackson-databind-2.15.2.jar:/home/dbarun/.m2/repository/com/fasterxml/jackson/core/jackson-annotations/2.15.2/jackson-annotations-2.15.2.jar:/home/dbarun/.m2/repository/com/fasterxml/jackson/datatype/jackson-datatype-jsr310/2.15.2/jackson-datatype-jsr310-2.15.2.jar:/home/dbarun/.m2/repository/com/fasterxml/jackson/datatype/jackson-datatype-jdk8/2.15.2/jackson-datatype-jdk8-2.15.2.jar:/home/dbarun/.m2/repository/org/apache/flink/flink-json/1.19.0/flink-json-1.19.0.jar:/home/dbarun/.m2/repository/org/postgresql/postgresql/42.7.3/postgresql-42.7.3.jar:/home/dbarun/.m2/repository/org/checkerframework/checker-qual/3.42.0/checker-qual-3.42.0.jar:"/>
    <property name="sun.cpu.endian" value="little"/>
    <property name="user.home" value="/home/dbarun"/>
    <property name="user.language" value="en"/>
    <property name="java.specification.vendor" value="Oracle Corporation"/>
    <property name="java.version.date" value="2024-01-16"/>
    <property name="java.home" value="/usr/lib/jdk"/>
    <property name="file.separator" value="/"/>
    <property name="basedir" value="/home/dbarun/IUDX_ASSIGNMENT/IngestorJob"/>
    <property name="java.vm.compressedOopsMode" value="32-bit"/>
    <property name="line.separator" value="&#10;"/>
    <property name="java.vm.specification.vendor" value="Oracle Corporation"/>
    <property name="java.specification.name" value="Java Platform API Specification"/>
    <property name="surefire.real.class.path" value="/home/dbarun/IUDX_ASSIGNMENT/IngestorJob/target/surefire/surefirebooter-20240604194711590_3.jar"/>
    <property name="sun.management.compiler" value="HotSpot 64-Bit Tiered Compilers"/>
    <property name="java.runtime.version" value="17.0.10+7"/>
    <property name="user.name" value="dbarun"/>
    <property name="path.separator" value=":"/>
    <property name="os.version" value="6.6.32-1-lts"/>
    <property name="java.runtime.name" value="OpenJDK Runtime Environment"/>
    <property name="file.encoding" value="UTF-8"/>
    <property name="java.vm.name" value="OpenJDK 64-Bit Server VM"/>
    <property name="java.vendor.version" value="Temurin-17.0.10+7"/>
    <property name="localRepository" value="/home/dbarun/.m2/repository"/>
    <property name="java.vendor.url.bug" value="https://github.com/adoptium/adoptium-support/issues"/>
    <property name="java.io.tmpdir" value="/tmp"/>
    <property name="java.version" value="17.0.10"/>
    <property name="user.dir" value="/home/dbarun/IUDX_ASSIGNMENT/IngestorJob"/>
    <property name="os.arch" value="amd64"/>
    <property name="java.vm.specification.name" value="Java Virtual Machine Specification"/>
    <property name="native.encoding" value="UTF-8"/>
    <property name="java.library.path" value="/usr/java/packages/lib:/usr/lib64:/lib64:/lib:/usr/lib"/>
    <property name="java.vm.info" value="mixed mode, sharing"/>
    <property name="java.vendor" value="Eclipse Adoptium"/>
    <property name="java.vm.version" value="17.0.10+7"/>
    <property name="sun.io.unicode.encoding" value="UnicodeLittle"/>
    <property name="java.class.version" value="61.0"/>
  </properties>
  <testcase name="testApp" classname="consumer.AppTest" time="0.001"/>
</testsuite>